make all --print-data-base --no-builtin-variables --no-builtin-rules --question
# GNU Make 3.81
# Copyright (C) 2006  Free Software Foundation, Inc.
# This is free software; see the source for copying conditions.
# There is NO warranty; not even for MERCHANTABILITY or FITNESS FOR A
# PARTICULAR PURPOSE.

# This program built for i386-apple-darwin11.3.0
 

# Make data base, printed on Wed Aug 10 20:20:25 2022

# Variables

# automatic
<D = $(patsubst %/,%,$(dir $<))
# automatic
?F = $(notdir $?)
# automatic
?D = $(patsubst %/,%,$(dir $?))
# automatic
@D = $(patsubst %/,%,$(dir $@))
# automatic
@F = $(notdir $@)
# makefile
CURDIR := /Users/kenny/Desktop/minishell
# makefile
SHELL = /bin/sh
# environment
VSCODE_NLS_CONFIG = {"locale":"ru","availableLanguages":{"*":"ru"},"_languagePackId":"bb5033a0de544313f5d945d2959de1f0.ru","_translationsConfigFile":"/Users/kenny/Library/Application Support/Code/clp/bb5033a0de544313f5d945d2959de1f0.ru/tcf.json","_cacheRoot":"/Users/kenny/Library/Application Support/Code/clp/bb5033a0de544313f5d945d2959de1f0.ru","_resolvedLanguagePackCoreLocation":"/Users/kenny/Library/Application Support/Code/clp/bb5033a0de544313f5d945d2959de1f0.ru/da76f93349a72022ca4670c1b84860304616aaa2","_corruptedFile":"/Users/kenny/Library/Application Support/Code/clp/bb5033a0de544313f5d945d2959de1f0.ru/corrupted.info","_languagePackSupport":true}
# environment
_ = /usr/bin/make
# makefile (from `Makefile', line 1)
MAKEFILE_LIST :=  Makefile
# environment
__CFBundleIdentifier = com.microsoft.VSCode
# environment
INFOPATH = /opt/homebrew/share/info:
# makefile (from `Makefile', line 37)
READLINE = -lreadline
# environment
VSCODE_CWD = /
# environment
PATH = /opt/homebrew/bin:/opt/homebrew/sbin:/usr/local/bin:/usr/bin:/bin:/usr/sbin:/sbin
# environment
LSCOLORS = Gxfxcxdxbxegedabagacad
# environment
ELECTRON_RUN_AS_NODE = 1
# default
.FEATURES := target-specific order-only second-expansion else-if archives jobserver check-symlink
# environment
SSH_AUTH_SOCK = /private/tmp/com.apple.launchd.s4V8VHQvS0/Listeners
# automatic
%F = $(notdir $%)
# makefile (from `Makefile', line 39)
OBJS = $(patsubst %.c,%.o,$(LIST))
# environment
PWD = /Users/kenny/Desktop/minishell
# environment
HOMEBREW_CELLAR = /opt/homebrew/Cellar
# environment
ORIGINAL_XDG_CURRENT_DESKTOP = undefined
# environment
MANPATH = /opt/homebrew/share/man::
# environment
VSCODE_AMD_ENTRYPOINT = vs/workbench/api/node/extensionHostProcess
# environment
HOME = /Users/kenny
# default
MAKEFILEPATH = $(shell /usr/bin/xcode-select -print-path 2>/dev/null || echo /Developer)/Makefiles
# environment
VSCODE_CODE_CACHE_PATH = /Users/kenny/Library/Application Support/Code/CachedData/da76f93349a72022ca4670c1b84860304616aaa2
# environment
LOGNAME = kenny
# environment
APPLICATION_INSIGHTS_NO_DIAGNOSTIC_CHANNEL = 1
# environment
ZSH = /Users/kenny/.oh-my-zsh
# environment
VSCODE_HANDLES_UNCAUGHT_ERRORS = true
# automatic
^D = $(patsubst %/,%,$(dir $^))
# environment
XPC_FLAGS = 0x0
# default
MAKE = $(MAKE_COMMAND)
# default
MAKECMDGOALS := all
# environment
SHLVL = 1
# makefile (from `Makefile', line 35)
LIBFT = -Llibft -lft
# default
MAKE_VERSION := 3.81
# environment
USER = kenny
# makefile
 
.DEFAULT_GOAL := all
# makefile (from `Makefile', line 13)
NAME = minishell
# environment
LESS = -R
# automatic
%D = $(patsubst %/,%,$(dir $%))
# default
MAKE_COMMAND := /Library/Developer/CommandLineTools/usr/bin/make
# default
.VARIABLES := 
# environment
TMPDIR = /var/folders/3s/kjfjccnj0m73dlslz9n514jw0000gn/T/
# automatic
*F = $(notdir $*)
# environment
VSCODE_IPC_HOOK = /Users/kenny/Library/Application Support/Code/1.70.0-main.sock
# environment
MallocNanoZone = 0
# makefile
MAKEFLAGS = Rrqp
# environment
MFLAGS = -Rrqp
# automatic
*D = $(patsubst %/,%,$(dir $*))
# environment
XPC_SERVICE_NAME = application.com.microsoft.VSCode.11730732.11730738
# environment
HOMEBREW_PREFIX = /opt/homebrew
# automatic
+D = $(patsubst %/,%,$(dir $+))
# automatic
+F = $(notdir $+)
# environment
HOMEBREW_REPOSITORY = /opt/homebrew
# environment
__CF_USER_TEXT_ENCODING = 0x1F5:0x7:0x31
# environment
COMMAND_MODE = unix2003
# default
MAKEFILES := 
# automatic
<F = $(notdir $<)
# environment
PAGER = less
# environment
LC_ALL = C
# makefile (from `Makefile', line 15)
HEADER = minishell.h
# automatic
^F = $(notdir $^)
# default
SUFFIXES := 
# makefile (from `Makefile', line 41)
FLAGS = -Wall -Wextra -Werror
# default
.INCLUDE_DIRS = /usr/local/include
# environment
MAKELEVEL := 0
# makefile (from `Makefile', line 19)
LIST = minishell.c ft_lstclear.c ft_lstlast.c ft_lstnew.c ft_pushback.c ft_readline.c ft_strjoin_free.c $(PARSER)get_dollar.c $(PARSER)get_double_quotes.c $(PARSER)get_in_env.c $(PARSER)get_quote.c $(PARSER)get_slesh.c $(PARSER)is_key.c $(PARSER)ln_env.c $(PARSER)parser.c 
# environment
LANG = C
# environment
VSCODE_PID = 39990
# makefile (from `Makefile', line 17)
PARSER = parser/
# variable set hash-table stats:
# Load=75/1024=7%, Rehash=0, Collisions=5/117=4%

# Pattern-specific Variable Values

# No pattern-specific variable values.

# Directories

# . (device 16777232, inode 10987652): 19 files, no impossibilities.

# 19 files, no impossibilities in 1 directories.

# Implicit Rules

%.o: %.c minishell.h
#  commands to execute (from `Makefile', line 51):
	cc $(FLAGS) -c $< -o $@ -I ${HEADER}
	

# 1 implicit rules, 0 (0.0%) terminal.

# Files

all: minishell minishell.h
#  Phony target (prerequisite of .PHONY).
#  Command-line target.
#  Implicit rule search has not been done.
#  File does not exist.
#  File has been updated.
#  Needs to be updated (-q is set).
# variable set hash-table stats:
# Load=0/32=0%, Rehash=0, Collisions=0/4=0%

# Not a target:
parser/parser.o:
#  Implicit rule search has not been done.
#  Modification time never checked.
#  File has not been updated.

# Not a target:
ft_lstlast.o:
#  Implicit rule search has not been done.
#  Modification time never checked.
#  File has not been updated.

.PHONY: all clean fclean re
#  Implicit rule search has not been done.
#  Modification time never checked.
#  File has not been updated.

# Not a target:
ft_lstclear.o:
#  Implicit rule search has not been done.
#  Modification time never checked.
#  File has not been updated.

# Not a target:
ft_strjoin_free.o:
#  Implicit rule search has not been done.
#  Modification time never checked.
#  File has not been updated.

# Not a target:
.SUFFIXES:
#  Implicit rule search has not been done.
#  Modification time never checked.
#  File has not been updated.

# Not a target:
Makefile:
#  Implicit rule search has been done.
#  Last modified 2022-08-10 20:11:38
#  File has been updated.
#  Successfully updated.
# variable set hash-table stats:
# Load=0/32=0%, Rehash=0, Collisions=0/0=0%

# Not a target:
ft_pushback.o:
#  Implicit rule search has not been done.
#  Modification time never checked.
#  File has not been updated.

# Not a target:
parser/get_dollar.o:
#  Implicit rule search has not been done.
#  Modification time never checked.
#  File has not been updated.

# Not a target:
parser/get_quote.o:
#  Implicit rule search has not been done.
#  Modification time never checked.
#  File has not been updated.

# Not a target:
ft_lstnew.o:
#  Implicit rule search has not been done.
#  Modification time never checked.
#  File has not been updated.

minishell: minishell.o ft_lstclear.o ft_lstlast.o ft_lstnew.o ft_pushback.o ft_readline.o ft_strjoin_free.o parser/get_dollar.o parser/get_double_quotes.o parser/get_in_env.o parser/get_quote.o parser/get_slesh.o parser/is_key.o parser/ln_env.o parser/parser.o
#  Implicit rule search has not been done.
#  Last modified 2022-08-09 16:57:41
#  File has been updated.
#  Needs to be updated (-q is set).
# variable set hash-table stats:
# Load=0/32=0%, Rehash=0, Collisions=0/4=0%
#  commands to execute (from `Makefile', line 48):
	cc $(FLAGS) $(OBJS) $(LIBFT) $(READLINE) -I $(HEADER) -o $@
	

minishell.o: minishell.c minishell.h
#  Implicit rule search has been done.
#  Implicit/static pattern stem: `minishell'
#  File does not exist.
#  File has been updated.
#  Needs to be updated (-q is set).
# automatic
# @ := minishell.o
# automatic
# % := 
# automatic
# * := minishell
# automatic
# + := minishell.c minishell.h
# automatic
# | := 
# automatic
# < := minishell.c
# automatic
# ^ := minishell.c minishell.h
# automatic
 
# ? := minishell.c minishell.h
# variable set hash-table stats:
# Load=8/32=25%, Rehash=0, Collisions=2/14=14%
#  commands to execute (from `Makefile', line 51):
	cc $(FLAGS) -c $< -o $@ -I ${HEADER}
	

fclean: clean
#  Phony target (prerequisite of .PHONY).
#  Implicit rule search has not been done.
#  File does not exist.
#  File has not been updated.
#  commands to execute (from `Makefile', line 57):
	@rm -f $(NAME)
	

# Not a target:
.DEFAULT:
#  Implicit rule search has not been done.
#  Modification time never checked.
#  File has not been updated.

# Not a target:
parser/get_in_env.o:
#  Implicit rule search has not been done.
#  Modification time never checked.
#  File has not been updated.

re: fclean all
#  Phony target (prerequisite of .PHONY).
#  Implicit rule search has not been done.
#  File does not exist.
#  File has not been updated.

clean:
#  Phony target (prerequisite of .PHONY).
#  Implicit rule search has not been done.
#  File does not exist.
#  File has not been updated.
#  commands to execute (from `Makefile', line 54):
	@rm -f $(OBJS)
	

# Not a target:
parser/is_key.o:
#  Implicit rule search has not been done.
#  Modification time never checked.
#  File has not been updated.

# Not a target:
minishell.c:
#  Implicit rule search has been done.
#  Last modified 2022-08-10 20:11:38
#  File has been updated.
#  Successfully updated.
# variable set hash-table stats:
# Load=0/32=0%, Rehash=0, Collisions=0/0=0%

# Not a target:
parser/ln_env.o:
#  Implicit rule search has not been done.
#  Modification time never checked.
#  File has not been updated.

# Not a target:
ft_readline.o:
#  Implicit rule search has not been done.
#  Modification time never checked.
#  File has not been updated.

# Not a target:
parser/get_double_quotes.o:
#  Implicit rule search has not been done.
#  Modification time never checked.
#  File has not been updated.

# Not a target:
parser/get_slesh.o:
#  Implicit rule search has not been done.
#  Modification time never checked.
#  File has not been updated.

# Not a target:
minishell.h:
#  Implicit rule search has been done.
#  Last modified 2022-08-10 20:11:38
#  File has been updated.
#  Successfully updated.
# variable set hash-table stats:
# Load=0/32=0%, Rehash=0, Collisions=0/0=0%

# files hash-table stats:
# Load=26/1024=3%, Rehash=0, Collisions=3/68=4%
# VPATH Search Paths

# No `vpath' search paths.

# No general (`VPATH' variable) search path.

# # of strings in strcache: 1
# # of strcache buffers: 1
# strcache size: total = 4096 / max = 4096 / min = 4096 / avg = 4096
# strcache free: total = 4087 / max = 4087 / min = 4087 / avg = 4087

# Finished Make data base on Wed Aug 10 20:20:25 2022

 
